<?xml version="1.0" encoding="UTF-8"?>
<testsuite name="lawnlayer.SampleTest" tests="1" skipped="0" failures="0" errors="0" timestamp="2024-03-09T07:24:15" hostname="DESKTOP-7SGEG3I" time="0.046">
  <properties/>
  <testcase name="simpleTest()" classname="lawnlayer.SampleTest" time="0.046"/>
  <system-out><![CDATA[]]></system-out>
  <system-err><![CDATA[]]></system-err>
</testsuite>
